[1/11] Building C object esp-idf/main/CMakeFiles/__idf_main.dir/fingerprint_scanner.c.obj
C:/Users/MELBEN/esp/fingerprint_scanner/main/fingerprint_scanner.c: In function 'app_main':
C:/Users/MELBEN/esp/fingerprint_scanner/main/fingerprint_scanner.c:136:14: warning: unused variable 'enrolled_count' [-Wunused-variable]
  136 |     uint16_t enrolled_count;
      |              ^~~~~~~~~~~~~~
C:/Users/MELBEN/esp/fingerprint_scanner/main/fingerprint_scanner.c: At top level:
C:/Users/MELBEN/esp/fingerprint_scanner/main/fingerprint_scanner.c:35:13: warning: 'template_accumulation_active' defined but not used [-Wunused-variable]
   35 | static bool template_accumulation_active = false;
      |             ^~~~~~~~~~~~~~~~~~~~~~~~~~~~
C:/Users/MELBEN/esp/fingerprint_scanner/main/fingerprint_scanner.c:34:15: warning: 'complete_template_size' defined but not used [-Wunused-variable]
   34 | static size_t complete_template_size = 0;
      |               ^~~~~~~~~~~~~~~~~~~~~~
C:/Users/MELBEN/esp/fingerprint_scanner/main/fingerprint_scanner.c:33:15: warning: 'complete_template_capacity' defined but not used [-Wunused-variable]
   33 | static size_t complete_template_capacity = 4096;  // Start with 4KB capacity
      |               ^~~~~~~~~~~~~~~~~~~~~~~~~~
C:/Users/MELBEN/esp/fingerprint_scanner/main/fingerprint_scanner.c:32:17: warning: 'complete_template_buffer' defined but not used [-Wunused-variable]
   32 | static uint8_t* complete_template_buffer = NULL;
      |                 ^~~~~~~~~~~~~~~~~~~~~~~~
In file included from C:/Users/MELBEN/esp/fingerprint_scanner/main/fingerprint_scanner.c:5:
C:/Users/MELBEN/esp/fingerprint_scanner/components/fingerprint/include/fingerprint.h:1764:27: warning: 'enroll_event_group' defined but not used [-Wunused-variable]
 1764 | static EventGroupHandle_t enroll_event_group = NULL;
      |                           ^~~~~~~~~~~~~~~~~~
[2/11] Performing build step for 'bootloader'
[1/1] C:\WINDOWS\system32\cmd.exe /C "cd /D C:\Users\MELBEN\esp\fingerprint_scanner\build\bootloader\esp-idf\esptool_py && C:\Espressif\python_env\idf5.4_py3.11_env\Scripts\python.exe C:/Espressif/frameworks/esp-idf-v5.4/components/partition_table/check_sizes.py --offset 0x8000 bootloader 0x0 C:/Users/MELBEN/esp/fingerprint_scanner/build/bootloader/bootloader.bin"
Bootloader binary size 0x5210 bytes. 0x2df0 bytes (36%) free.
[3/11] No install step for 'bootloader'
[4/11] Completed 'bootloader'
[5/11] Building C object esp-idf/fingerprint/CMakeFiles/__idf_fingerprint.dir/fingerprint.c.obj
FAILED: esp-idf/fingerprint/CMakeFiles/__idf_fingerprint.dir/fingerprint.c.obj 
ccache C:\Espressif\tools\xtensa-esp-elf\esp-14.2.0_20241119\xtensa-esp-elf\bin\xtensa-esp32s3-elf-gcc.exe -DESP_PLATFORM -DIDF_VER=\"v5.4-dirty\" -DSOC_MMU_PAGE_SIZE=CONFIG_MMU_PAGE_SIZE -DSOC_XTAL_FREQ_MHZ=CONFIG_XTAL_FREQ -D_GLIBCXX_HAVE_POSIX_SEMAPHORE -D_GLIBCXX_USE_POSIX_SEMAPHORE -D_GNU_SOURCE -D_POSIX_READER_WRITER_LOCKS -IC:/Users/MELBEN/esp/fingerprint_scanner/build/config -IC:/Users/MELBEN/esp/fingerprint_scanner/components/fingerprint/include -IC:/Espressif/frameworks/esp-idf-v5.4/components/newlib/platform_include -IC:/Espressif/frameworks/esp-idf-v5.4/components/freertos/config/include -IC:/Espressif/frameworks/esp-idf-v5.4/components/freertos/config/include/freertos -IC:/Espressif/frameworks/esp-idf-v5.4/components/freertos/config/xtensa/include -IC:/Espressif/frameworks/esp-idf-v5.4/components/freertos/FreeRTOS-Kernel/include -IC:/Espressif/frameworks/esp-idf-v5.4/components/freertos/FreeRTOS-Kernel/portable/xtensa/include -IC:/Espressif/frameworks/esp-idf-v5.4/components/freertos/FreeRTOS-Kernel/portable/xtensa/include/freertos -IC:/Espressif/frameworks/esp-idf-v5.4/components/freertos/esp_additions/include -IC:/Espressif/frameworks/esp-idf-v5.4/components/esp_hw_support/include -IC:/Espressif/frameworks/esp-idf-v5.4/components/esp_hw_support/include/soc -IC:/Espressif/frameworks/esp-idf-v5.4/components/esp_hw_support/include/soc/esp32s3 -IC:/Espressif/frameworks/esp-idf-v5.4/components/esp_hw_support/dma/include -IC:/Espressif/frameworks/esp-idf-v5.4/components/esp_hw_support/ldo/include -IC:/Espressif/frameworks/esp-idf-v5.4/components/esp_hw_support/debug_probe/include -IC:/Espressif/frameworks/esp-idf-v5.4/components/esp_hw_support/port/esp32s3/. -IC:/Espressif/frameworks/esp-idf-v5.4/components/esp_hw_support/port/esp32s3/include -IC:/Espressif/frameworks/esp-idf-v5.4/components/heap/include -IC:/Espressif/frameworks/esp-idf-v5.4/components/heap/tlsf -IC:/Espressif/frameworks/esp-idf-v5.4/components/log/include -IC:/Espressif/frameworks/esp-idf-v5.4/components/soc/include -IC:/Espressif/frameworks/esp-idf-v5.4/components/soc/esp32s3 -IC:/Espressif/frameworks/esp-idf-v5.4/components/soc/esp32s3/include -IC:/Espressif/frameworks/esp-idf-v5.4/components/soc/esp32s3/register -IC:/Espressif/frameworks/esp-idf-v5.4/components/hal/platform_port/include -IC:/Espressif/frameworks/esp-idf-v5.4/components/hal/esp32s3/include -IC:/Espressif/frameworks/esp-idf-v5.4/components/hal/include -IC:/Espressif/frameworks/esp-idf-v5.4/components/esp_rom/include -IC:/Espressif/frameworks/esp-idf-v5.4/components/esp_rom/esp32s3/include -IC:/Espressif/frameworks/esp-idf-v5.4/components/esp_rom/esp32s3/include/esp32s3 -IC:/Espressif/frameworks/esp-idf-v5.4/components/esp_rom/esp32s3 -IC:/Espressif/frameworks/esp-idf-v5.4/components/esp_common/include -IC:/Espressif/frameworks/esp-idf-v5.4/components/esp_system/include -IC:/Espressif/frameworks/esp-idf-v5.4/components/esp_system/port/soc -IC:/Espressif/frameworks/esp-idf-v5.4/components/esp_system/port/include/private -IC:/Espressif/frameworks/esp-idf-v5.4/components/xtensa/esp32s3/include -IC:/Espressif/frameworks/esp-idf-v5.4/components/xtensa/include -IC:/Espressif/frameworks/esp-idf-v5.4/components/xtensa/deprecated_include -IC:/Espressif/frameworks/esp-idf-v5.4/components/lwip/include -IC:/Espressif/frameworks/esp-idf-v5.4/components/lwip/include/apps -IC:/Espressif/frameworks/esp-idf-v5.4/components/lwip/include/apps/sntp -IC:/Espressif/frameworks/esp-idf-v5.4/components/lwip/lwip/src/include -IC:/Espressif/frameworks/esp-idf-v5.4/components/lwip/port/include -IC:/Espressif/frameworks/esp-idf-v5.4/components/lwip/port/freertos/include -IC:/Espressif/frameworks/esp-idf-v5.4/components/lwip/port/esp32xx/include -IC:/Espressif/frameworks/esp-idf-v5.4/components/lwip/port/esp32xx/include/arch -IC:/Espressif/frameworks/esp-idf-v5.4/components/lwip/port/esp32xx/include/sys -IC:/Espressif/frameworks/esp-idf-v5.4/components/driver/deprecated -IC:/Espressif/frameworks/esp-idf-v5.4/components/driver/i2c/include -IC:/Espressif/frameworks/esp-idf-v5.4/components/driver/touch_sensor/include -IC:/Espressif/frameworks/esp-idf-v5.4/components/driver/twai/include -IC:/Espressif/frameworks/esp-idf-v5.4/components/driver/touch_sensor/esp32s3/include -IC:/Espressif/frameworks/esp-idf-v5.4/components/esp_pm/include -IC:/Espressif/frameworks/esp-idf-v5.4/components/esp_ringbuf/include -IC:/Espressif/frameworks/esp-idf-v5.4/components/esp_driver_gpio/include -IC:/Espressif/frameworks/esp-idf-v5.4/components/esp_driver_pcnt/include -IC:/Espressif/frameworks/esp-idf-v5.4/components/esp_driver_gptimer/include -IC:/Espressif/frameworks/esp-idf-v5.4/components/esp_driver_spi/include -IC:/Espressif/frameworks/esp-idf-v5.4/components/esp_driver_mcpwm/include -IC:/Espressif/frameworks/esp-idf-v5.4/components/esp_driver_ana_cmpr/include -IC:/Espressif/frameworks/esp-idf-v5.4/components/esp_driver_i2s/include -IC:/Espressif/frameworks/esp-idf-v5.4/components/esp_driver_sdmmc/include -IC:/Espressif/frameworks/esp-idf-v5.4/components/sdmmc/include -IC:/Espressif/frameworks/esp-idf-v5.4/components/esp_driver_sdspi/include -IC:/Espressif/frameworks/esp-idf-v5.4/components/esp_driver_sdio/include -IC:/Espressif/frameworks/esp-idf-v5.4/components/esp_driver_dac/include -IC:/Espressif/frameworks/esp-idf-v5.4/components/esp_driver_rmt/include -IC:/Espressif/frameworks/esp-idf-v5.4/components/esp_driver_tsens/include -IC:/Espressif/frameworks/esp-idf-v5.4/components/esp_driver_sdm/include -IC:/Espressif/frameworks/esp-idf-v5.4/components/esp_driver_i2c/include -IC:/Espressif/frameworks/esp-idf-v5.4/components/esp_driver_uart/include -IC:/Espressif/frameworks/esp-idf-v5.4/components/vfs/include -IC:/Espressif/frameworks/esp-idf-v5.4/components/esp_driver_ledc/include -IC:/Espressif/frameworks/esp-idf-v5.4/components/esp_driver_parlio/include -IC:/Espressif/frameworks/esp-idf-v5.4/components/esp_driver_usb_serial_jtag/include -mlongcalls  -fno-builtin-memcpy -fno-builtin-memset -fno-builtin-bzero -fno-builtin-stpcpy -fno-builtin-strncpy -fdiagnostics-color=always -ffunction-sections -fdata-sections -Wall -Werror=all -Wno-error=unused-function -Wno-error=unused-variable -Wno-error=unused-but-set-variable -Wno-error=deprecated-declarations -Wextra -Wno-error=extra -Wno-unused-parameter -Wno-sign-compare -Wno-enum-conversion -gdwarf-4 -ggdb -Og -fno-shrink-wrap -fmacro-prefix-map=C:/Users/MELBEN/esp/fingerprint_scanner=. -fmacro-prefix-map=C:/Espressif/frameworks/esp-idf-v5.4=/IDF -fstrict-volatile-bitfields -fno-jump-tables -fno-tree-switch-conversion -std=gnu17 -Wno-old-style-declaration -MD -MT esp-idf/fingerprint/CMakeFiles/__idf_fingerprint.dir/fingerprint.c.obj -MF esp-idf\fingerprint\CMakeFiles\__idf_fingerprint.dir\fingerprint.c.obj.d -o esp-idf/fingerprint/CMakeFiles/__idf_fingerprint.dir/fingerprint.c.obj -c C:/Users/MELBEN/esp/fingerprint_scanner/components/fingerprint/fingerprint.c
C:/Users/MELBEN/esp/fingerprint_scanner/components/fingerprint/fingerprint.c: In function 'fingerprint_set_command':
C:/Users/MELBEN/esp/fingerprint_scanner/components/fingerprint/fingerprint.c:972:22: warning: comparison is always false due to limited range of data type [-Wtype-limits]
  972 |     if (param_length > MAX_PARAMETERS) {  // Allow up to MAX_PARAMETERS (32 bytes) for commands like PS_WriteNotepad
      |                      ^
C:/Users/MELBEN/esp/fingerprint_scanner/components/fingerprint/fingerprint.c: In function 'fingerprint_read_response':
C:/Users/MELBEN/esp/fingerprint_scanner/components/fingerprint/fingerprint.c:1297:17: warning: variable 'final_packet_sent' set but not used [-Wunused-but-set-variable]
 1297 |     static bool final_packet_sent = false;
      |                 ^~~~~~~~~~~~~~~~~
C:/Users/MELBEN/esp/fingerprint_scanner/components/fingerprint/fingerprint.c: In function 'extract_packet_from_raw_data':
C:/Users/MELBEN/esp/fingerprint_scanner/components/fingerprint/fingerprint.c:1680:22: warning: variable 'found_foof_marker' set but not used [-Wunused-but-set-variable]
 1680 |                 bool found_foof_marker = false;
      |                      ^~~~~~~~~~~~~~~~~
C:/Users/MELBEN/esp/fingerprint_scanner/components/fingerprint/fingerprint.c: In function 'read_response_task':
C:/Users/MELBEN/esp/fingerprint_scanner/components/fingerprint/fingerprint.c:1934:124: error: assignment to expression with array type
 1934 |                                                 g_template_accumulator->packets[g_template_accumulator->count]->parameters = new_packet->parameters;
      |                                                                                                                            ^
C:/Users/MELBEN/esp/fingerprint_scanner/components/fingerprint/fingerprint.c: In function 'get_enrolled_count':
C:/Users/MELBEN/esp/fingerprint_scanner/components/fingerprint/fingerprint.c:3311:28: warning: unused variable 'response' [-Wunused-variable]
 3311 |     fingerprint_response_t response;
      |                            ^~~~~~~~
C:/Users/MELBEN/esp/fingerprint_scanner/components/fingerprint/fingerprint.c: In function 'upload_template':
C:/Users/MELBEN/esp/fingerprint_scanner/components/fingerprint/fingerprint.c:3425:17: warning: variable 'bits' set but not used [-Wunused-but-set-variable]
 3425 |     EventBits_t bits;
      |                 ^~~~
C:/Users/MELBEN/esp/fingerprint_scanner/components/fingerprint/fingerprint.c: In function 'backup_template':
C:/Users/MELBEN/esp/fingerprint_scanner/components/fingerprint/fingerprint.c:3778:10: warning: unused variable 'template_valid' [-Wunused-variable]
 3778 |     bool template_valid = false;
      |          ^~~~~~~~~~~~~~
C:/Users/MELBEN/esp/fingerprint_scanner/components/fingerprint/fingerprint.c: In function 'read_response_task':
C:/Users/MELBEN/esp/fingerprint_scanner/components/fingerprint/fingerprint.c:4258:1: error: expected declaration or statement at end of input
 4258 | }
      | ^
C:/Users/MELBEN/esp/fingerprint_scanner/components/fingerprint/fingerprint.c:2176:38: warning: unused variable 'g_template_buffer' [-Wunused-variable]
 2176 | static fingerprint_template_buffer_t g_template_buffer = {
      |                                      ^~~~~~~~~~~~~~~~~
C:/Users/MELBEN/esp/fingerprint_scanner/components/fingerprint/fingerprint.c: At top level:
C:/Users/MELBEN/esp/fingerprint_scanner/components/fingerprint/fingerprint.c:4229:11: warning: 'fingerprint_power_control' defined but not used [-Wunused-function]
 4229 | esp_err_t fingerprint_power_control(bool power_on) {
      |           ^~~~~~~~~~~~~~~~~~~~~~~~~
C:/Users/MELBEN/esp/fingerprint_scanner/components/fingerprint/fingerprint.c:4159:11: warning: 'fingerprint_wait_for_finger' defined but not used [-Wunused-function]
 4159 | esp_err_t fingerprint_wait_for_finger(uint32_t timeout_ms) {
      |           ^~~~~~~~~~~~~~~~~~~~~~~~~~~
C:/Users/MELBEN/esp/fingerprint_scanner/components/fingerprint/fingerprint.c:4147:25: warning: 'fingerprint_get_operation_mode' defined but not used [-Wunused-function]
 4147 | finger_operation_mode_t fingerprint_get_operation_mode(void) {
      |                         ^~~~~~~~~~~~~~~~~~~~~~~~~~~~~~
C:/Users/MELBEN/esp/fingerprint_scanner/components/fingerprint/fingerprint.c:4125:11: warning: 'fingerprint_set_operation_mode' defined but not used [-Wunused-function]
 4125 | esp_err_t fingerprint_set_operation_mode(finger_operation_mode_t mode) {
      |           ^~~~~~~~~~~~~~~~~~~~~~~~~~~~~~
C:/Users/MELBEN/esp/fingerprint_scanner/components/fingerprint/fingerprint.c:4003:11: warning: 'restore_template_from_multipacket' defined but not used [-Wunused-function]
 4003 | esp_err_t restore_template_from_multipacket(uint16_t template_id, MultiPacketResponse *response) {
      |           ^~~~~~~~~~~~~~~~~~~~~~~~~~~~~~~~~
C:/Users/MELBEN/esp/fingerprint_scanner/components/fingerprint/fingerprint.c:3918:11: warning: 'read_info_page' defined but not used [-Wunused-function]
 3918 | esp_err_t read_info_page(void) {
      |           ^~~~~~~~~~~~~~
C:/Users/MELBEN/esp/fingerprint_scanner/components/fingerprint/fingerprint.c:3834:11: warning: 'restore_template' defined but not used [-Wunused-function]
 3834 | esp_err_t restore_template(uint16_t template_id, const uint8_t* template_data, size_t template_size) {
      |           ^~~~~~~~~~~~~~~~
C:/Users/MELBEN/esp/fingerprint_scanner/components/fingerprint/fingerprint.c:3774:11: warning: 'backup_template' defined but not used [-Wunused-function]
 3774 | esp_err_t backup_template(uint16_t template_id) {
      |           ^~~~~~~~~~~~~~~
C:/Users/MELBEN/esp/fingerprint_scanner/components/fingerprint/fingerprint.c:3530:11: warning: 'fingerprint_check_template_exists' defined but not used [-Wunused-function]
 3530 | esp_err_t fingerprint_check_template_exists(uint16_t template_id) {
      |           ^~~~~~~~~~~~~~~~~~~~~~~~~~~~~~~~~
C:/Users/MELBEN/esp/fingerprint_scanner/components/fingerprint/fingerprint.c:3364:11: warning: 'read_system_parameters' defined but not used [-Wunused-function]
 3364 | esp_err_t read_system_parameters(void) {
      |           ^~~~~~~~~~~~~~~~~~~~~~
C:/Users/MELBEN/esp/fingerprint_scanner/components/fingerprint/fingerprint.c:3353:10: warning: 'convert_page_id_to_index' defined but not used [-Wunused-function]
 3353 | uint16_t convert_page_id_to_index(uint16_t page_id) {
      |          ^~~~~~~~~~~~~~~~~~~~~~~~
C:/Users/MELBEN/esp/fingerprint_scanner/components/fingerprint/fingerprint.c:3308:11: warning: 'get_enrolled_count' defined but not used [-Wunused-function]
 3308 | esp_err_t get_enrolled_count(void) {
      |           ^~~~~~~~~~~~~~~~~~
C:/Users/MELBEN/esp/fingerprint_scanner/components/fingerprint/fingerprint.c:3264:11: warning: 'clear_database' defined but not used [-Wunused-function]
 3264 | esp_err_t clear_database(void) {
      |           ^~~~~~~~~~~~~~
C:/Users/MELBEN/esp/fingerprint_scanner/components/fingerprint/fingerprint.c:3215:11: warning: 'delete_fingerprint' defined but not used [-Wunused-function]
 3215 | esp_err_t delete_fingerprint(uint16_t location) {
      |           ^~~~~~~~~~~~~~~~~~
C:/Users/MELBEN/esp/fingerprint_scanner/components/fingerprint/fingerprint.c:3143:11: warning: 'verify_fingerprint' defined but not used [-Wunused-function]
 3143 | esp_err_t verify_fingerprint(void) {
      |           ^~~~~~~~~~~~~~~~~~
C:/Users/MELBEN/esp/fingerprint_scanner/components/fingerprint/fingerprint.c:2885:11: warning: 'enroll_fingerprint' defined but not used [-Wunused-function]
 2885 | esp_err_t enroll_fingerprint(uint16_t location) {
      |           ^~~~~~~~~~~~~~~~~~
C:/Users/MELBEN/esp/fingerprint_scanner/components/fingerprint/fingerprint.c:2529:6: warning: 'fingerprint_status_event_handler' defined but not used [-Wunused-function]
 2529 | void fingerprint_status_event_handler(fingerprint_status_t status, FingerprintPacket *packet) {
      |      ^~~~~~~~~~~~~~~~~~~~~~~~~~~~~~~~
C:/Users/MELBEN/esp/fingerprint_scanner/components/fingerprint/fingerprint.c:2520:22: warning: 'fingerprint_get_status' defined but not used [-Wunused-function]
 2520 | fingerprint_status_t fingerprint_get_status(FingerprintPacket *packet) {
      |                      ^~~~~~~~~~~~~~~~~~~~~~
C:/Users/MELBEN/esp/fingerprint_scanner/components/fingerprint/fingerprint.c:2182:6: warning: 'process_response_task' defined but not used [-Wunused-function]
 2182 | void process_response_task(void *pvParameter) {
      |      ^~~~~~~~~~~~~~~~~~~~~
C:/Users/MELBEN/esp/fingerprint_scanner/components/fingerprint/fingerprint.c:1761:16: warning: 'saved_template' defined but not used [-Wunused-variable]
 1761 | static uint8_t saved_template[1024]; // Buffer for template data
      |                ^~~~~~~~~~~~~~
C:/Users/MELBEN/esp/fingerprint_scanner/components/fingerprint/fingerprint.c:51:13: warning: 'finger_detected_flag' defined but not used [-Wunused-variable]
   51 | static bool finger_detected_flag = false;
      |             ^~~~~~~~~~~~~~~~~~~~
ninja: build stopped: subcommand failed.
