[1/11] Performing build step for 'bootloader'
[1/1] C:\WINDOWS\system32\cmd.exe /C "cd /D C:\Users\MELBEN\esp\fingerprint_scanner\build\bootloader\esp-idf\esptool_py && C:\Espressif\python_env\idf5.4_py3.11_env\Scripts\python.exe C:/Espressif/frameworks/esp-idf-v5.4/components/partition_table/check_sizes.py --offset 0x8000 bootloader 0x0 C:/Users/MELBEN/esp/fingerprint_scanner/build/bootloader/bootloader.bin"
Bootloader binary size 0x5210 bytes. 0x2df0 bytes (36%) free.
[2/11] No install step for 'bootloader'
[3/11] Completed 'bootloader'
[4/11] Building C object esp-idf/fingerprint/CMakeFiles/__idf_fingerprint.dir/fingerprint.c.obj
C:/Users/MELBEN/esp/fingerprint_scanner/components/fingerprint/fingerprint.c:924:1: warning: ignoring attribute 'section (".iram1.1")' because it conflicts with previous 'section (".iram1.0")' [-Wattributes]
  924 | void IRAM_ATTR finger_detected_isr(void* arg) {
      | ^~~~
C:/Users/MELBEN/esp/fingerprint_scanner/components/fingerprint/fingerprint.c:38:16: note: previous declaration here
   38 | void IRAM_ATTR finger_detected_isr(void* arg);
      |                ^~~~~~~~~~~~~~~~~~~
C:/Users/MELBEN/esp/fingerprint_scanner/components/fingerprint/fingerprint.c:35:22: warning: 'fingerprint_command_queue' defined but not used [-Wunused-variable]
   35 | static QueueHandle_t fingerprint_command_queue;
      |                      ^~~~~~~~~~~~~~~~~~~~~~~~~
C:/Users/MELBEN/esp/fingerprint_scanner/components/fingerprint/fingerprint.c:28:16: warning: 'last_sent_command' defined but not used [-Wunused-variable]
   28 | static uint8_t last_sent_command = 0x00;
      |                ^~~~~~~~~~~~~~~~~
[5/11] Building C object esp-idf/main/CMakeFiles/__idf_main.dir/fingerprint_scanner.c.obj
[6/11] Linking C static library esp-idf\fingerprint\libfingerprint.a
[7/11] Linking C static library esp-idf\main\libmain.a
[8/11] Generating ld/sections.ld
[9/11] Linking CXX executable fingerprint_scanner.elf
FAILED: fingerprint_scanner.elf 
C:\WINDOWS\system32\cmd.exe /C "cd . && C:\Espressif\tools\xtensa-esp-elf\esp-14.2.0_20241119\xtensa-esp-elf\bin\xtensa-esp32s3-elf-g++.exe -mlongcalls  -fno-builtin-memcpy -fno-builtin-memset -fno-builtin-bzero -fno-builtin-stpcpy -fno-builtin-strncpy -Wl,--cref -Wl,--defsym=IDF_TARGET_ESP32S3=0 -Wl,--Map=C:/Users/MELBEN/esp/fingerprint_scanner/build/fingerprint_scanner.map -Wl,--no-warn-rwx-segments -Wl,--orphan-handling=warn -fno-rtti -fno-lto -Wl,--gc-sections -Wl,--warn-common -T esp32s3.peripherals.ld -T esp32s3.rom.ld -T esp32s3.rom.api.ld -T esp32s3.rom.bt_funcs.ld -T esp32s3.rom.libgcc.ld -T esp32s3.rom.wdt.ld -T esp32s3.rom.version.ld -T esp32s3.rom.newlib.ld -T memory.ld -T sections.ld @CMakeFiles\fingerprint_scanner.elf.rsp -o fingerprint_scanner.elf && cd ."
C:/Espressif/tools/xtensa-esp-elf/esp-14.2.0_20241119/xtensa-esp-elf/bin/../lib/gcc/xtensa-esp-elf/14.2.0/../../../../xtensa-esp-elf/bin/ld.exe: esp-idf/fingerprint/libfingerprint.a(fingerprint.c.obj): in function `finger_detected_isr':
C:/Users/MELBEN/esp/fingerprint_scanner/components/fingerprint/fingerprint.c:924: multiple definition of `finger_detected_isr'; esp-idf/main/libmain.a(fingerprint_scanner.c.obj):C:/Users/MELBEN/esp/fingerprint_scanner/main/fingerprint_scanner.c:14: first defined here
collect2.exe: error: ld returned 1 exit status
ninja: build stopped: subcommand failed.
