[1/11] Performing build step for 'bootloader'
[1/1] C:\WINDOWS\system32\cmd.exe /C "cd /D C:\Users\MELBEN\esp\fingerprint_scanner\build\bootloader\esp-idf\esptool_py && C:\Espressif\python_env\idf5.4_py3.11_env\Scripts\python.exe C:/Espressif/frameworks/esp-idf-v5.4/components/partition_table/check_sizes.py --offset 0x8000 bootloader 0x0 C:/Users/MELBEN/esp/fingerprint_scanner/build/bootloader/bootloader.bin"
Bootloader binary size 0x5210 bytes. 0x2df0 bytes (36%) free.
[2/11] No install step for 'bootloader'
[3/11] Completed 'bootloader'
[4/11] Building C object esp-idf/main/CMakeFiles/__idf_main.dir/fingerprint_scanner.c.obj
C:/Users/MELBEN/esp/fingerprint_scanner/main/fingerprint_scanner.c: In function 'app_main':
C:/Users/MELBEN/esp/fingerprint_scanner/main/fingerprint_scanner.c:136:14: warning: unused variable 'enrolled_count' [-Wunused-variable]
  136 |     uint16_t enrolled_count;
      |              ^~~~~~~~~~~~~~
C:/Users/MELBEN/esp/fingerprint_scanner/main/fingerprint_scanner.c: At top level:
C:/Users/MELBEN/esp/fingerprint_scanner/main/fingerprint_scanner.c:35:13: warning: 'template_accumulation_active' defined but not used [-Wunused-variable]
   35 | static bool template_accumulation_active = false;
      |             ^~~~~~~~~~~~~~~~~~~~~~~~~~~~
C:/Users/MELBEN/esp/fingerprint_scanner/main/fingerprint_scanner.c:34:15: warning: 'complete_template_size' defined but not used [-Wunused-variable]
   34 | static size_t complete_template_size = 0;
      |               ^~~~~~~~~~~~~~~~~~~~~~
C:/Users/MELBEN/esp/fingerprint_scanner/main/fingerprint_scanner.c:33:15: warning: 'complete_template_capacity' defined but not used [-Wunused-variable]
   33 | static size_t complete_template_capacity = 4096;  // Start with 4KB capacity
      |               ^~~~~~~~~~~~~~~~~~~~~~~~~~
C:/Users/MELBEN/esp/fingerprint_scanner/main/fingerprint_scanner.c:32:17: warning: 'complete_template_buffer' defined but not used [-Wunused-variable]
   32 | static uint8_t* complete_template_buffer = NULL;
      |                 ^~~~~~~~~~~~~~~~~~~~~~~~
In file included from C:/Users/MELBEN/esp/fingerprint_scanner/main/fingerprint_scanner.c:5:
C:/Users/MELBEN/esp/fingerprint_scanner/components/fingerprint/include/fingerprint.h:1787:27: warning: 'enroll_event_group' defined but not used [-Wunused-variable]
 1787 | static EventGroupHandle_t enroll_event_group = NULL;
      |                           ^~~~~~~~~~~~~~~~~~
[5/11] Building C object esp-idf/fingerprint/CMakeFiles/__idf_fingerprint.dir/fingerprint.c.obj
C:/Users/MELBEN/esp/fingerprint_scanner/components/fingerprint/fingerprint.c: In function 'fingerprint_set_command':
C:/Users/MELBEN/esp/fingerprint_scanner/components/fingerprint/fingerprint.c:787:22: warning: comparison is always false due to limited range of data type [-Wtype-limits]
  787 |     if (param_length > MAX_PARAMETERS) {  // Allow up to MAX_PARAMETERS (32 bytes) for commands like PS_WriteNotepad
      |                      ^
C:/Users/MELBEN/esp/fingerprint_scanner/components/fingerprint/fingerprint.c: In function 'fingerprint_read_response':
C:/Users/MELBEN/esp/fingerprint_scanner/components/fingerprint/fingerprint.c:1000:17: warning: variable 'final_packet_sent' set but not used [-Wunused-but-set-variable]
 1000 |     static bool final_packet_sent = false;
      |                 ^~~~~~~~~~~~~~~~~
C:/Users/MELBEN/esp/fingerprint_scanner/components/fingerprint/fingerprint.c: In function 'extract_packet_from_raw_data':
C:/Users/MELBEN/esp/fingerprint_scanner/components/fingerprint/fingerprint.c:1412:22: warning: variable 'found_foof_marker' set but not used [-Wunused-but-set-variable]
 1412 |                 bool found_foof_marker = false;
      |                      ^~~~~~~~~~~~~~~~~
C:/Users/MELBEN/esp/fingerprint_scanner/components/fingerprint/fingerprint.c: In function 'read_response_task':
C:/Users/MELBEN/esp/fingerprint_scanner/components/fingerprint/fingerprint.c:1527:28: warning: variable 'foof_position' set but not used [-Wunused-but-set-variable]
 1527 |                     size_t foof_position = 0;
      |                            ^~~~~~~~~~~~~
C:/Users/MELBEN/esp/fingerprint_scanner/components/fingerprint/fingerprint.c: In function 'enroll_fingerprint':
C:/Users/MELBEN/esp/fingerprint_scanner/components/fingerprint/fingerprint.c:2506:13: warning: unused variable 'position' [-Wunused-variable]
 2506 |     uint8_t position = location & 0xFF;  // Get position within page
      |             ^~~~~~~~
C:/Users/MELBEN/esp/fingerprint_scanner/components/fingerprint/fingerprint.c: In function 'get_enrolled_count':
C:/Users/MELBEN/esp/fingerprint_scanner/components/fingerprint/fingerprint.c:2926:28: warning: unused variable 'response' [-Wunused-variable]
 2926 |     fingerprint_response_t response;
      |                            ^~~~~~~~
C:/Users/MELBEN/esp/fingerprint_scanner/components/fingerprint/fingerprint.c: In function 'upload_template':
C:/Users/MELBEN/esp/fingerprint_scanner/components/fingerprint/fingerprint.c:3040:17: warning: variable 'bits' set but not used [-Wunused-but-set-variable]
 3040 |     EventBits_t bits;
      |                 ^~~~
C:/Users/MELBEN/esp/fingerprint_scanner/components/fingerprint/fingerprint.c: In function 'backup_template':
C:/Users/MELBEN/esp/fingerprint_scanner/components/fingerprint/fingerprint.c:3281:10: warning: unused variable 'template_valid' [-Wunused-variable]
 3281 |     bool template_valid = false;
      |          ^~~~~~~~~~~~~~
C:/Users/MELBEN/esp/fingerprint_scanner/components/fingerprint/fingerprint.c: In function 'read_info_page':
C:/Users/MELBEN/esp/fingerprint_scanner/components/fingerprint/fingerprint.c:3376:19: warning: unused variable 'MAX_PACKETS' [-Wunused-variable]
 3376 |     const uint8_t MAX_PACKETS = 32;  // 512 bytes at 16 bytes per packet
      |                   ^~~~~~~~~~~
C:/Users/MELBEN/esp/fingerprint_scanner/components/fingerprint/fingerprint.c:3375:13: warning: unused variable 'packet_count' [-Wunused-variable]
 3375 |     uint8_t packet_count = 0;
      |             ^~~~~~~~~~~~
C:/Users/MELBEN/esp/fingerprint_scanner/components/fingerprint/fingerprint.c:3374:10: warning: unused variable 'info_complete' [-Wunused-variable]
 3374 |     bool info_complete = false;
      |          ^~~~~~~~~~~~~
C:/Users/MELBEN/esp/fingerprint_scanner/components/fingerprint/fingerprint.c:3373:17: warning: unused variable 'bits' [-Wunused-variable]
 3373 |     EventBits_t bits;
      |                 ^~~~
C:/Users/MELBEN/esp/fingerprint_scanner/components/fingerprint/fingerprint.c: At top level:
C:/Users/MELBEN/esp/fingerprint_scanner/components/fingerprint/fingerprint.c:1848:38: warning: 'g_template_buffer' defined but not used [-Wunused-variable]
 1848 | static fingerprint_template_buffer_t g_template_buffer = {
      |                                      ^~~~~~~~~~~~~~~~~
C:/Users/MELBEN/esp/fingerprint_scanner/components/fingerprint/fingerprint.c:51:13: warning: 'finger_detected_flag' defined but not used [-Wunused-variable]
   51 | static bool finger_detected_flag = false;
      |             ^~~~~~~~~~~~~~~~~~~~
[6/11] Linking C static library esp-idf\fingerprint\libfingerprint.a
[7/11] Linking C static library esp-idf\main\libmain.a
[8/11] Generating ld/sections.ld
[9/11] Linking CXX executable fingerprint_scanner.elf
FAILED: fingerprint_scanner.elf 
C:\WINDOWS\system32\cmd.exe /C "cd . && C:\Espressif\tools\xtensa-esp-elf\esp-14.2.0_20241119\xtensa-esp-elf\bin\xtensa-esp32s3-elf-g++.exe -mlongcalls  -fno-builtin-memcpy -fno-builtin-memset -fno-builtin-bzero -fno-builtin-stpcpy -fno-builtin-strncpy -Wl,--cref -Wl,--defsym=IDF_TARGET_ESP32S3=0 -Wl,--Map=C:/Users/MELBEN/esp/fingerprint_scanner/build/fingerprint_scanner.map -Wl,--no-warn-rwx-segments -Wl,--orphan-handling=warn -fno-rtti -fno-lto -Wl,--gc-sections -Wl,--warn-common -T esp32s3.peripherals.ld -T esp32s3.rom.ld -T esp32s3.rom.api.ld -T esp32s3.rom.bt_funcs.ld -T esp32s3.rom.libgcc.ld -T esp32s3.rom.wdt.ld -T esp32s3.rom.version.ld -T esp32s3.rom.newlib.ld -T memory.ld -T sections.ld @CMakeFiles\fingerprint_scanner.elf.rsp -o fingerprint_scanner.elf && cd ."
C:/Espressif/tools/xtensa-esp-elf/esp-14.2.0_20241119/xtensa-esp-elf/bin/../lib/gcc/xtensa-esp-elf/14.2.0/../../../../xtensa-esp-elf/bin/ld.exe: esp-idf/fingerprint/libfingerprint.a(fingerprint.c.obj):(.literal.fingerprint_init+0x64): undefined reference to `finger_detection_task'
collect2.exe: error: ld returned 1 exit status
ninja: build stopped: subcommand failed.
