[1/11] Performing build step for 'bootloader'
[1/1] C:\WINDOWS\system32\cmd.exe /C "cd /D C:\Users\MELBEN\esp\fingerprint_scanner\build\bootloader\esp-idf\esptool_py && C:\Espressif\python_env\idf5.4_py3.11_env\Scripts\python.exe C:/Espressif/frameworks/esp-idf-v5.4/components/partition_table/check_sizes.py --offset 0x8000 bootloader 0x0 C:/Users/MELBEN/esp/fingerprint_scanner/build/bootloader/bootloader.bin"
Bootloader binary size 0x5210 bytes. 0x2df0 bytes (36%) free.
[2/11] No install step for 'bootloader'
[3/11] Completed 'bootloader'
[4/11] Building C object esp-idf/main/CMakeFiles/__idf_main.dir/fingerprint_scanner.c.obj
C:/Users/MELBEN/esp/fingerprint_scanner/main/fingerprint_scanner.c: In function 'app_main':
C:/Users/MELBEN/esp/fingerprint_scanner/main/fingerprint_scanner.c:136:14: warning: unused variable 'enrolled_count' [-Wunused-variable]
  136 |     uint16_t enrolled_count;
      |              ^~~~~~~~~~~~~~
C:/Users/MELBEN/esp/fingerprint_scanner/main/fingerprint_scanner.c: At top level:
C:/Users/MELBEN/esp/fingerprint_scanner/main/fingerprint_scanner.c:35:13: warning: 'template_accumulation_active' defined but not used [-Wunused-variable]
   35 | static bool template_accumulation_active = false;
      |             ^~~~~~~~~~~~~~~~~~~~~~~~~~~~
C:/Users/MELBEN/esp/fingerprint_scanner/main/fingerprint_scanner.c:34:15: warning: 'complete_template_size' defined but not used [-Wunused-variable]
   34 | static size_t complete_template_size = 0;
      |               ^~~~~~~~~~~~~~~~~~~~~~
C:/Users/MELBEN/esp/fingerprint_scanner/main/fingerprint_scanner.c:33:15: warning: 'complete_template_capacity' defined but not used [-Wunused-variable]
   33 | static size_t complete_template_capacity = 4096;  // Start with 4KB capacity
      |               ^~~~~~~~~~~~~~~~~~~~~~~~~~
C:/Users/MELBEN/esp/fingerprint_scanner/main/fingerprint_scanner.c:32:17: warning: 'complete_template_buffer' defined but not used [-Wunused-variable]
   32 | static uint8_t* complete_template_buffer = NULL;
      |                 ^~~~~~~~~~~~~~~~~~~~~~~~
In file included from C:/Users/MELBEN/esp/fingerprint_scanner/main/fingerprint_scanner.c:5:
C:/Users/MELBEN/esp/fingerprint_scanner/components/fingerprint/include/fingerprint.h:1764:27: warning: 'enroll_event_group' defined but not used [-Wunused-variable]
 1764 | static EventGroupHandle_t enroll_event_group = NULL;
      |                           ^~~~~~~~~~~~~~~~~~
[5/11] Building C object esp-idf/fingerprint/CMakeFiles/__idf_fingerprint.dir/fingerprint.c.obj
C:/Users/MELBEN/esp/fingerprint_scanner/components/fingerprint/fingerprint.c: In function 'fingerprint_set_command':
C:/Users/MELBEN/esp/fingerprint_scanner/components/fingerprint/fingerprint.c:972:22: warning: comparison is always false due to limited range of data type [-Wtype-limits]
  972 |     if (param_length > MAX_PARAMETERS) {  // Allow up to MAX_PARAMETERS (32 bytes) for commands like PS_WriteNotepad
      |                      ^
C:/Users/MELBEN/esp/fingerprint_scanner/components/fingerprint/fingerprint.c: In function 'fingerprint_read_response':
C:/Users/MELBEN/esp/fingerprint_scanner/components/fingerprint/fingerprint.c:1297:17: warning: variable 'final_packet_sent' set but not used [-Wunused-but-set-variable]
 1297 |     static bool final_packet_sent = false;
      |                 ^~~~~~~~~~~~~~~~~
C:/Users/MELBEN/esp/fingerprint_scanner/components/fingerprint/fingerprint.c: In function 'extract_packet_from_raw_data':
C:/Users/MELBEN/esp/fingerprint_scanner/components/fingerprint/fingerprint.c:1664:22: warning: variable 'found_foof_marker' set but not used [-Wunused-but-set-variable]
 1664 |                 bool found_foof_marker = false;
      |                      ^~~~~~~~~~~~~~~~~
C:/Users/MELBEN/esp/fingerprint_scanner/components/fingerprint/fingerprint.c: In function 'get_enrolled_count':
C:/Users/MELBEN/esp/fingerprint_scanner/components/fingerprint/fingerprint.c:3286:28: warning: unused variable 'response' [-Wunused-variable]
 3286 |     fingerprint_response_t response;
      |                            ^~~~~~~~
C:/Users/MELBEN/esp/fingerprint_scanner/components/fingerprint/fingerprint.c: In function 'upload_template':
C:/Users/MELBEN/esp/fingerprint_scanner/components/fingerprint/fingerprint.c:3400:17: warning: variable 'bits' set but not used [-Wunused-but-set-variable]
 3400 |     EventBits_t bits;
      |                 ^~~~
C:/Users/MELBEN/esp/fingerprint_scanner/components/fingerprint/fingerprint.c: In function 'backup_template':
C:/Users/MELBEN/esp/fingerprint_scanner/components/fingerprint/fingerprint.c:3722:10: warning: unused variable 'template_valid' [-Wunused-variable]
 3722 |     bool template_valid = false;
      |          ^~~~~~~~~~~~~~
C:/Users/MELBEN/esp/fingerprint_scanner/components/fingerprint/fingerprint.c: At top level:
C:/Users/MELBEN/esp/fingerprint_scanner/components/fingerprint/fingerprint.c:2151:38: warning: 'g_template_buffer' defined but not used [-Wunused-variable]
 2151 | static fingerprint_template_buffer_t g_template_buffer = {
      |                                      ^~~~~~~~~~~~~~~~~
C:/Users/MELBEN/esp/fingerprint_scanner/components/fingerprint/fingerprint.c:1745:16: warning: 'saved_template' defined but not used [-Wunused-variable]
 1745 | static uint8_t saved_template[1024]; // Buffer for template data
      |                ^~~~~~~~~~~~~~
C:/Users/MELBEN/esp/fingerprint_scanner/components/fingerprint/fingerprint.c:51:13: warning: 'finger_detected_flag' defined but not used [-Wunused-variable]
   51 | static bool finger_detected_flag = false;
      |             ^~~~~~~~~~~~~~~~~~~~
[6/11] Linking C static library esp-idf\fingerprint\libfingerprint.a
[7/11] Linking C static library esp-idf\main\libmain.a
[8/11] Generating ld/sections.ld
[9/11] Linking CXX executable fingerprint_scanner.elf
[10/11] Generating binary image from built executable
FAILED: .bin_timestamp C:/Users/MELBEN/esp/fingerprint_scanner/build/.bin_timestamp 
C:\WINDOWS\system32\cmd.exe /C "cd /D C:\Users\MELBEN\esp\fingerprint_scanner\build && C:\Espressif\python_env\idf5.4_py3.11_env\Scripts\python.exe C:/Espressif/frameworks/esp-idf-v5.4/components/esptool_py/esptool/esptool.py --chip esp32s3 elf2image --flash_mode dio --flash_freq 80m --flash_size 2MB --elf-sha256-offset 0xb0 --min-rev-full 0 --max-rev-full 99 -o C:/Users/MELBEN/esp/fingerprint_scanner/build/fingerprint_scanner.bin C:/Users/MELBEN/esp/fingerprint_scanner/build/fingerprint_scanner.elf && C:\Espressif\tools\cmake\3.30.2\bin\cmake.exe -E echo "Generated C:/Users/MELBEN/esp/fingerprint_scanner/build/fingerprint_scanner.bin" && C:\Espressif\tools\cmake\3.30.2\bin\cmake.exe -E md5sum C:/Users/MELBEN/esp/fingerprint_scanner/build/fingerprint_scanner.bin > C:/Users/MELBEN/esp/fingerprint_scanner/build/.bin_timestamp"
Traceback (most recent call last):
  File "<frozen runpy>", line 198, in _run_module_as_main
  File "<frozen runpy>", line 88, in _run_code
  File "C:\Espressif\python_env\idf5.4_py3.11_env\Lib\site-packages\esptool\__main__.py", line 9, in <module>
    esptool._main()
  File "C:\Espressif\python_env\idf5.4_py3.11_env\Lib\site-packages\esptool\__init__.py", line 1314, in _main
    main()
  File "C:\Espressif\python_env\idf5.4_py3.11_env\Lib\site-packages\esptool\__init__.py", line 1065, in main
    operation_func(args)
  File "C:\Espressif\python_env\idf5.4_py3.11_env\Lib\site-packages\esptool\cmds.py", line 1117, in elf2image
    image.save(args.output)
  File "C:\Espressif\python_env\idf5.4_py3.11_env\Lib\site-packages\esptool\bin_image.py", line 879, in save
    with open(filename, "wb") as real_file:
         ^^^^^^^^^^^^^^^^^^^^
OSError: [Errno 22] Invalid argument: 'C:/Users/MELBEN/esp/fingerprint_scanner/build/fingerprint_scanner.bin'
esptool.py v4.8.1
Creating esp32s3 image...
Merged 2 ELF sections
ninja: build stopped: subcommand failed.
