[1/9] Performing build step for 'bootloader'
[1/1] C:\WINDOWS\system32\cmd.exe /C "cd /D C:\Users\MELBEN\esp\fingerprint_scanner\build\bootloader\esp-idf\esptool_py && C:\Espressif\python_env\idf5.4_py3.11_env\Scripts\python.exe C:/Espressif/frameworks/esp-idf-v5.4/components/partition_table/check_sizes.py --offset 0x8000 bootloader 0x0 C:/Users/MELBEN/esp/fingerprint_scanner/build/bootloader/bootloader.bin"
Bootloader binary size 0x5210 bytes. 0x2df0 bytes (36%) free.
[2/9] No install step for 'bootloader'
[3/9] Completed 'bootloader'
[4/9] Building C object esp-idf/fingerprint/CMakeFiles/__idf_fingerprint.dir/fingerprint.c.obj
C:/Users/MELBEN/esp/fingerprint_scanner/components/fingerprint/fingerprint.c: In function 'fingerprint_set_command':
C:/Users/MELBEN/esp/fingerprint_scanner/components/fingerprint/fingerprint.c:972:22: warning: comparison is always false due to limited range of data type [-Wtype-limits]
  972 |     if (param_length > MAX_PARAMETERS) {  // Allow up to MAX_PARAMETERS (32 bytes) for commands like PS_WriteNotepad
      |                      ^
C:/Users/MELBEN/esp/fingerprint_scanner/components/fingerprint/fingerprint.c: In function 'fingerprint_read_response':
C:/Users/MELBEN/esp/fingerprint_scanner/components/fingerprint/fingerprint.c:1296:17: warning: variable 'final_packet_sent' set but not used [-Wunused-but-set-variable]
 1296 |     static bool final_packet_sent = false;
      |                 ^~~~~~~~~~~~~~~~~
C:/Users/MELBEN/esp/fingerprint_scanner/components/fingerprint/fingerprint.c: In function 'process_response_task':
C:/Users/MELBEN/esp/fingerprint_scanner/components/fingerprint/fingerprint.c:1644:19: warning: variable 'saved_template_size' set but not used [-Wunused-but-set-variable]
 1644 |     static size_t saved_template_size = 0;
      |                   ^~~~~~~~~~~~~~~~~~~
C:/Users/MELBEN/esp/fingerprint_scanner/components/fingerprint/fingerprint.c:1643:17: warning: variable 'template_available' set but not used [-Wunused-but-set-variable]
 1643 |     static bool template_available = false;
      |                 ^~~~~~~~~~~~~~~~~~
C:/Users/MELBEN/esp/fingerprint_scanner/components/fingerprint/fingerprint.c: In function 'get_enrolled_count':
C:/Users/MELBEN/esp/fingerprint_scanner/components/fingerprint/fingerprint.c:2760:28: warning: unused variable 'response' [-Wunused-variable]
 2760 |     fingerprint_response_t response;
      |                            ^~~~~~~~
C:/Users/MELBEN/esp/fingerprint_scanner/components/fingerprint/fingerprint.c: In function 'upload_template':
C:/Users/MELBEN/esp/fingerprint_scanner/components/fingerprint/fingerprint.c:2874:17: warning: variable 'bits' set but not used [-Wunused-but-set-variable]
 2874 |     EventBits_t bits;
      |                 ^~~~
C:/Users/MELBEN/esp/fingerprint_scanner/components/fingerprint/fingerprint.c: In function 'backup_template':
C:/Users/MELBEN/esp/fingerprint_scanner/components/fingerprint/fingerprint.c:3196:10: warning: unused variable 'template_valid' [-Wunused-variable]
 3196 |     bool template_valid = false;
      |          ^~~~~~~~~~~~~~
C:/Users/MELBEN/esp/fingerprint_scanner/components/fingerprint/fingerprint.c: At top level:
C:/Users/MELBEN/esp/fingerprint_scanner/components/fingerprint/fingerprint.c:1623:38: warning: 'g_template_buffer' defined but not used [-Wunused-variable]
 1623 | static fingerprint_template_buffer_t g_template_buffer = {
      |                                      ^~~~~~~~~~~~~~~~~
C:/Users/MELBEN/esp/fingerprint_scanner/components/fingerprint/fingerprint.c:51:13: warning: 'finger_detected_flag' defined but not used [-Wunused-variable]
   51 | static bool finger_detected_flag = false;
      |             ^~~~~~~~~~~~~~~~~~~~
[5/9] Linking C static library esp-idf\fingerprint\libfingerprint.a
[6/9] Generating ld/sections.ld
[7/9] Linking CXX executable fingerprint_scanner.elf
FAILED: fingerprint_scanner.elf 
C:\WINDOWS\system32\cmd.exe /C "cd . && C:\Espressif\tools\xtensa-esp-elf\esp-14.2.0_20241119\xtensa-esp-elf\bin\xtensa-esp32s3-elf-g++.exe -mlongcalls  -fno-builtin-memcpy -fno-builtin-memset -fno-builtin-bzero -fno-builtin-stpcpy -fno-builtin-strncpy -Wl,--cref -Wl,--defsym=IDF_TARGET_ESP32S3=0 -Wl,--Map=C:/Users/MELBEN/esp/fingerprint_scanner/build/fingerprint_scanner.map -Wl,--no-warn-rwx-segments -Wl,--orphan-handling=warn -fno-rtti -fno-lto -Wl,--gc-sections -Wl,--warn-common -T esp32s3.peripherals.ld -T esp32s3.rom.ld -T esp32s3.rom.api.ld -T esp32s3.rom.bt_funcs.ld -T esp32s3.rom.libgcc.ld -T esp32s3.rom.wdt.ld -T esp32s3.rom.version.ld -T esp32s3.rom.newlib.ld -T memory.ld -T sections.ld @CMakeFiles\fingerprint_scanner.elf.rsp -o fingerprint_scanner.elf && cd ."
C:/Espressif/tools/xtensa-esp-elf/esp-14.2.0_20241119/xtensa-esp-elf/bin/../lib/gcc/xtensa-esp-elf/14.2.0/../../../../xtensa-esp-elf/bin/ld.exe: esp-idf/fingerprint/libfingerprint.a(fingerprint.c.obj):(.literal.fingerprint_init+0x34): undefined reference to `read_response_task'
collect2.exe: error: ld returned 1 exit status
ninja: build stopped: subcommand failed.
