[1/11] Performing build step for 'bootloader'
[1/1] C:\WINDOWS\system32\cmd.exe /C "cd /D C:\Users\MELBEN\esp\fingerprint_scanner\build\bootloader\esp-idf\esptool_py && C:\Espressif\python_env\idf5.4_py3.11_env\Scripts\python.exe C:/Espressif/frameworks/esp-idf-v5.4/components/partition_table/check_sizes.py --offset 0x8000 bootloader 0x0 C:/Users/MELBEN/esp/fingerprint_scanner/build/bootloader/bootloader.bin"
Bootloader binary size 0x5210 bytes. 0x2df0 bytes (36%) free.
[2/11] No install step for 'bootloader'
[3/11] Completed 'bootloader'
[4/11] Building C object esp-idf/fingerprint/CMakeFiles/__idf_fingerprint.dir/fingerprint.c.obj
C:/Users/MELBEN/esp/fingerprint_scanner/components/fingerprint/fingerprint.c: In function 'fingerprint_status_event_handler':
C:/Users/MELBEN/esp/fingerprint_scanner/components/fingerprint/fingerprint.c:1033:21: warning: unused variable 'bits' [-Wunused-variable]
 1033 |         EventBits_t bits = xEventGroupGetBits(enroll_event_group);
      |                     ^~~~
[5/11] Building C object esp-idf/main/CMakeFiles/__idf_main.dir/fingerprint_scanner.c.obj
In file included from C:/Users/MELBEN/esp/fingerprint_scanner/main/fingerprint_scanner.c:5:
C:/Users/MELBEN/esp/fingerprint_scanner/components/fingerprint/include/fingerprint.h:1431:27: warning: 'enroll_event_group' defined but not used [-Wunused-variable]
 1431 | static EventGroupHandle_t enroll_event_group = NULL;
      |                           ^~~~~~~~~~~~~~~~~~
[6/11] Linking C static library esp-idf\fingerprint\libfingerprint.a
[7/11] Linking C static library esp-idf\main\libmain.a
[8/11] Generating ld/sections.ld
[9/11] Linking CXX executable fingerprint_scanner.elf
FAILED: fingerprint_scanner.elf 
C:\WINDOWS\system32\cmd.exe /C "cd . && C:\Espressif\tools\xtensa-esp-elf\esp-14.2.0_20241119\xtensa-esp-elf\bin\xtensa-esp32s3-elf-g++.exe -mlongcalls  -fno-builtin-memcpy -fno-builtin-memset -fno-builtin-bzero -fno-builtin-stpcpy -fno-builtin-strncpy -Wl,--cref -Wl,--defsym=IDF_TARGET_ESP32S3=0 -Wl,--Map=C:/Users/MELBEN/esp/fingerprint_scanner/build/fingerprint_scanner.map -Wl,--no-warn-rwx-segments -Wl,--orphan-handling=warn -fno-rtti -fno-lto -Wl,--gc-sections -Wl,--warn-common -T esp32s3.peripherals.ld -T esp32s3.rom.ld -T esp32s3.rom.api.ld -T esp32s3.rom.bt_funcs.ld -T esp32s3.rom.libgcc.ld -T esp32s3.rom.wdt.ld -T esp32s3.rom.version.ld -T esp32s3.rom.newlib.ld -T memory.ld -T sections.ld @CMakeFiles\fingerprint_scanner.elf.rsp -o fingerprint_scanner.elf && cd ."
C:/Espressif/tools/xtensa-esp-elf/esp-14.2.0_20241119/xtensa-esp-elf/bin/../lib/gcc/xtensa-esp-elf/14.2.0/../../../../xtensa-esp-elf/bin/ld.exe: esp-idf/main/libmain.a(fingerprint_scanner.c.obj):(.literal.app_main+0x2c): undefined reference to `delete_fingerprint'
C:/Espressif/tools/xtensa-esp-elf/esp-14.2.0_20241119/xtensa-esp-elf/bin/../lib/gcc/xtensa-esp-elf/14.2.0/../../../../xtensa-esp-elf/bin/ld.exe: esp-idf/main/libmain.a(fingerprint_scanner.c.obj): in function `app_main':
C:/Users/MELBEN/esp/fingerprint_scanner/main/fingerprint_scanner.c:76:(.text.app_main+0x74): undefined reference to `delete_fingerprint'
collect2.exe: error: ld returned 1 exit status
ninja: build stopped: subcommand failed.
